comp_315461_6000_316661 0.169696
comp_318441_6000_316661 0.243221
comp_314571_6000_316661 0.190937
comp_314741_6000_316661 0.270899
comp_316551_6000_316661 0.148752
comp_314461_6000_316661 0.205604
comp_315741_6000_316661 0.233753
comp_315641_6000_316661 0.234931
comp_314751_6000_316661 0.212425
comp_316461_6000_316661 0.17349
comp_316541_6000_316661 0.225813
comp_314641_6000_316661 0.271686
comp_316451_6000_316661 0.187795
comp_314841_6000_316661 0.270619
comp_317541_6000_316661 0.224638
comp_317451_6000_316661 0.190404
comp_317441_6000_316661 0.242675
comp_315651_6000_316661 0.153717
comp_315551_6000_316661 0.162797
comp_316641_6000_316661 0.222983
comp_314661_6000_316661 0.192563
comp_314561_6000_316661 0.19873
comp_314471_6000_316661 0.200142
comp_314481_6000_316661 0.198101
comp_315541_6000_316661 0.235328
comp_315451_6000_316661 0.185958
comp_316441_6000_316661 0.241392
comp_314551_6000_316661 0.219504
comp_314651_6000_316661 0.21484
comp_315561_6000_316661 0.130999
comp_315471_6000_316661 0.165922
